
  .   ____          _            __ _ _
 /\\ / ___'_ __ _ _(_)_ __  __ _ \ \ \ \
( ( )\___ | '_ | '_| | '_ \/ _` | \ \ \ \
 \\/  ___)| |_)| | | | | || (_| |  ) ) ) )
  '  |____| .__|_| |_|_| |_\__, | / / / /
 =========|_|==============|___/=/_/_/_/
 :: Spring Boot ::                (v3.2.5)

2026-05-06T02:54:57.386+03:00  INFO 21056 --- [           main] com.swer313.RestApplication              : Starting RestApplication using Java 21.0.8 with PID 21056 (C:\Users\actc\project-step-1-pinkfloww\target\classes started by actc in C:\Users\actc\project-step-1-pinkfloww)
2026-05-06T02:54:57.390+03:00  INFO 21056 --- [           main] com.swer313.RestApplication              : The following 1 profile is active: "dev"
2026-05-06T02:54:59.146+03:00  INFO 21056 --- [           main] .s.d.r.c.RepositoryConfigurationDelegate : Bootstrapping Spring Data JPA repositories in DEFAULT mode.
2026-05-06T02:54:59.289+03:00  INFO 21056 --- [           main] .s.d.r.c.RepositoryConfigurationDelegate : Finished Spring Data repository scanning in 136 ms. Found 14 JPA repository interfaces.
2026-05-06T02:55:08.549+03:00  INFO 21056 --- [           main] o.s.b.w.embedded.tomcat.TomcatWebServer  : Tomcat initialized with port 8080 (http)
2026-05-06T02:55:08.561+03:00  INFO 21056 --- [           main] o.apache.catalina.core.StandardService   : Starting service [Tomcat]
2026-05-06T02:55:08.561+03:00  INFO 21056 --- [           main] o.apache.catalina.core.StandardEngine    : Starting Servlet engine: [Apache Tomcat/10.1.20]
2026-05-06T02:55:08.618+03:00  INFO 21056 --- [           main] o.a.c.c.C.[Tomcat].[localhost].[/]       : Initializing Spring embedded WebApplicationContext
2026-05-06T02:55:08.619+03:00  INFO 21056 --- [           main] w.s.c.ServletWebServerApplicationContext : Root WebApplicationContext: initialization completed in 11167 ms
2026-05-06T02:55:09.191+03:00  INFO 21056 --- [           main] o.hibernate.jpa.internal.util.LogHelper  : HHH000204: Processing PersistenceUnitInfo [name: default]
2026-05-06T02:55:09.311+03:00  INFO 21056 --- [           main] org.hibernate.Version                    : HHH000412: Hibernate ORM core version 6.4.4.Final
2026-05-06T02:55:09.375+03:00  INFO 21056 --- [           main] o.h.c.internal.RegionFactoryInitiator    : HHH000026: Second-level cache disabled
2026-05-06T02:55:09.770+03:00  INFO 21056 --- [           main] o.s.o.j.p.SpringPersistenceUnitInfo      : No LoadTimeWeaver setup: ignoring JPA class transformer
2026-05-06T02:55:09.807+03:00  INFO 21056 --- [           main] com.zaxxer.hikari.HikariDataSource       : HikariPool-1 - Starting...
2026-05-06T02:55:10.043+03:00  INFO 21056 --- [           main] com.zaxxer.hikari.pool.HikariPool        : HikariPool-1 - Added connection com.mysql.cj.jdbc.ConnectionImpl@579dde54
2026-05-06T02:55:10.046+03:00  INFO 21056 --- [           main] com.zaxxer.hikari.HikariDataSource       : HikariPool-1 - Start completed.
2026-05-06T02:55:10.094+03:00  WARN 21056 --- [           main] org.hibernate.dialect.Dialect            : HHH000511: The 5.5.0 version for [org.hibernate.dialect.MySQLDialect] is no longer supported, hence certain features may not work properly. The minimum supported version is 8.0.0. Check the community dialects project for available legacy versions.
2026-05-06T02:55:11.517+03:00  INFO 21056 --- [           main] o.h.e.t.j.p.i.JtaPlatformInitiator       : HHH000489: No JTA platform available (set 'hibernate.transaction.jta.platform' to enable JTA platform integration)
2026-05-06T02:55:11.766+03:00  INFO 21056 --- [           main] j.LocalContainerEntityManagerFactoryBean : Initialized JPA EntityManagerFactory for persistence unit 'default'
2026-05-06T02:55:12.425+03:00  INFO 21056 --- [           main] o.s.d.j.r.query.QueryEnhancerFactory     : Hibernate is in classpath; If applicable, HQL parser will be used.
2026-05-06T02:55:14.960+03:00  WARN 21056 --- [           main] JpaBaseConfiguration$JpaWebConfiguration : spring.jpa.open-in-view is enabled by default. Therefore, database queries may be performed during view rendering. Explicitly configure spring.jpa.open-in-view to disable this warning
2026-05-06T02:55:15.720+03:00  INFO 21056 --- [           main] o.s.b.a.e.web.EndpointLinksResolver      : Exposing 1 endpoint(s) beneath base path '/actuator'
2026-05-06T02:55:15.850+03:00  INFO 21056 --- [           main] o.s.s.web.DefaultSecurityFilterChain     : Will secure any request with [org.springframework.security.web.session.DisableEncodeUrlFilter@70224e31, org.springframework.security.web.context.request.async.WebAsyncManagerIntegrationFilter@3771cad9, org.springframework.security.web.context.SecurityContextHolderFilter@3998de2b, org.springframework.security.web.header.HeaderWriterFilter@2485325, org.springframework.web.filter.CorsFilter@14eb6c42, org.springframework.security.web.authentication.logout.LogoutFilter@1612fdb6, com.swer313.projectstep1.security.JwtAuthFilter@371fdf43, org.springframework.security.web.savedrequest.RequestCacheAwareFilter@43fffec2, org.springframework.security.web.servletapi.SecurityContextHolderAwareRequestFilter@2646531d, org.springframework.security.web.authentication.AnonymousAuthenticationFilter@5cb8009e, org.springframework.security.web.session.SessionManagementFilter@7ee8882a, org.springframework.security.web.access.ExceptionTranslationFilter@747252dd, org.springframework.security.web.access.intercept.AuthorizationFilter@480842c9]
2026-05-06T02:55:16.681+03:00  INFO 21056 --- [           main] o.s.b.w.embedded.tomcat.TomcatWebServer  : Tomcat started on port 8080 (http) with context path ''
2026-05-06T02:55:16.708+03:00  INFO 21056 --- [           main] com.swer313.RestApplication              : Started RestApplication in 19.778 seconds (process running for 20.156)
2026-05-06T02:55:16.892+03:00  INFO 21056 --- [           main] c.swer313.projectstep1.auth.DataSeeder   : ╔══════════════════════════════════════════╗
2026-05-06T02:55:16.892+03:00  INFO 21056 --- [           main] c.swer313.projectstep1.auth.DataSeeder   : ║        PinkFlow Data Seeder START        ║
2026-05-06T02:55:16.893+03:00  INFO 21056 --- [           main] c.swer313.projectstep1.auth.DataSeeder   : ╚══════════════════════════════════════════╝
Hibernate: 
    select
        n1_0.id,
        n1_0.body,
        n1_0.created_at,
        n1_0.error_message,
        n1_0.next_retry_at,
        n1_0.recipient_email,
        n1_0.recipient_name,
        n1_0.reference_id,
        n1_0.reference_type,
        n1_0.retry_count,
        n1_0.sent_at,
        n1_0.status,
        n1_0.subject,
        n1_0.type 
    from
        notifications n1_0 
    where
        n1_0.status='RETRY_SCHEDULED' 
        and n1_0.next_retry_at<=?
Hibernate: 
    select
        wle1_0.id,
        wle1_0.check_in,
        wle1_0.check_out,
        wle1_0.created_at,
        wle1_0.guest_email,
        wle1_0.guest_name,
        wle1_0.hotel_id,
        wle1_0.hotel_name,
        wle1_0.notified_at,
        wle1_0.room_type_id,
        wle1_0.room_type_name,
        wle1_0.status 
    from
        waiting_list wle1_0 
    where
        wle1_0.status='NOTIFIED' 
        and wle1_0.notified_at<=?
Hibernate: 
    select
        u1_0.id,
        u1_0.active,
        u1_0.created_at,
        u1_0.email,
        u1_0.full_name,
        u1_0.password_hash,
        u1_0.phone,
        u1_0.role,
        u1_0.updated_at 
    from
        users u1_0 
    where
        u1_0.email=?
Hibernate: 
    select
        u1_0.id,
        u1_0.active,
        u1_0.created_at,
        u1_0.email,
        u1_0.full_name,
        u1_0.password_hash,
        u1_0.phone,
        u1_0.role,
        u1_0.updated_at 
    from
        users u1_0 
    where
        u1_0.email=?
Hibernate: 
    select
        u1_0.id,
        u1_0.active,
        u1_0.created_at,
        u1_0.email,
        u1_0.full_name,
        u1_0.password_hash,
        u1_0.phone,
        u1_0.role,
        u1_0.updated_at 
    from
        users u1_0 
    where
        u1_0.email=?
Hibernate: 
    select
        u1_0.id,
        u1_0.active,
        u1_0.created_at,
        u1_0.email,
        u1_0.full_name,
        u1_0.password_hash,
        u1_0.phone,
        u1_0.role,
        u1_0.updated_at 
    from
        users u1_0 
    where
        u1_0.email=?
Hibernate: 
    select
        u1_0.id,
        u1_0.active,
        u1_0.created_at,
        u1_0.email,
        u1_0.full_name,
        u1_0.password_hash,
        u1_0.phone,
        u1_0.role,
        u1_0.updated_at 
    from
        users u1_0 
    where
        u1_0.email=?
Hibernate: 
    select
        u1_0.id,
        u1_0.active,
        u1_0.created_at,
        u1_0.email,
        u1_0.full_name,
        u1_0.password_hash,
        u1_0.phone,
        u1_0.role,
        u1_0.updated_at 
    from
        users u1_0 
    where
        u1_0.email=?
Hibernate: 
    select
        u1_0.id,
        u1_0.active,
        u1_0.created_at,
        u1_0.email,
        u1_0.full_name,
        u1_0.password_hash,
        u1_0.phone,
        u1_0.role,
        u1_0.updated_at 
    from
        users u1_0 
    where
        u1_0.email=?
Hibernate: 
    select
        u1_0.id,
        u1_0.active,
        u1_0.created_at,
        u1_0.email,
        u1_0.full_name,
        u1_0.password_hash,
        u1_0.phone,
        u1_0.role,
        u1_0.updated_at 
    from
        users u1_0 
    where
        u1_0.email=?
Hibernate: 
    select
        u1_0.id,
        u1_0.active,
        u1_0.created_at,
        u1_0.email,
        u1_0.full_name,
        u1_0.password_hash,
        u1_0.phone,
        u1_0.role,
        u1_0.updated_at 
    from
        users u1_0 
    where
        u1_0.email=?
2026-05-06T02:55:17.237+03:00  INFO 21056 --- [           main] c.swer313.projectstep1.auth.DataSeeder   : ✅ Users seeded/verified individually.
Hibernate: 
    select
        u1_0.id,
        u1_0.active,
        u1_0.created_at,
        u1_0.email,
        u1_0.full_name,
        u1_0.password_hash,
        u1_0.phone,
        u1_0.role,
        u1_0.updated_at 
    from
        users u1_0
Hibernate: 
    select
        count(*) 
    from
        amenities a1_0
2026-05-06T02:55:17.263+03:00  INFO 21056 --- [           main] c.swer313.projectstep1.auth.DataSeeder   : ⏭  Amenities already exist — skipping.
Hibernate: 
    select
        a1_0.id,
        a1_0.category,
        a1_0.created_at,
        a1_0.description,
        a1_0.is_active,
        a1_0.is_premium,
        a1_0.name,
        a1_0.updated_at 
    from
        amenities a1_0
Hibernate: 
    select
        count(*) 
    from
        hotels h1_0
2026-05-06T02:55:17.284+03:00  INFO 21056 --- [           main] c.swer313.projectstep1.auth.DataSeeder   : ⏭  Hotels already exist — skipping.
Hibernate: 
    select
        h1_0.id,
        h1_0.address,
        h1_0.cancellation_policy_summary,
        h1_0.check_in_time,
        h1_0.check_out_time,
        h1_0.city,
        h1_0.country,
        h1_0.description,
        h1_0.email,
        h1_0.latitude,
        h1_0.longitude,
        h1_0.name,
        h1_0.phone_number,
        h1_0.policies,
        h1_0.rating,
        h1_0.status,
        h1_0.website_url 
    from
        hotels h1_0
Hibernate: 
    select
        hi1_0.id,
        hi1_0.file_name,
        hi1_0.hotel_id,
        hi1_0.image_url 
    from
        hotel_images hi1_0 
    join
        hotels h1_0 
            on h1_0.id=hi1_0.hotel_id 
    where
        h1_0.id=?
Hibernate: 
    insert 
    into
        hotel_images
        (file_name, hotel_id, image_url) 
    values
        (?, ?, ?)
Hibernate: 
    insert 
    into
        hotel_images
        (file_name, hotel_id, image_url) 
    values
        (?, ?, ?)
Hibernate: 
    insert 
    into
        hotel_images
        (file_name, hotel_id, image_url) 
    values
        (?, ?, ?)
Hibernate: 
    select
        hi1_0.id,
        hi1_0.file_name,
        hi1_0.hotel_id,
        hi1_0.image_url 
    from
        hotel_images hi1_0 
    join
        hotels h1_0 
            on h1_0.id=hi1_0.hotel_id 
    where
        h1_0.id=?
Hibernate: 
    insert 
    into
        hotel_images
        (file_name, hotel_id, image_url) 
    values
        (?, ?, ?)
Hibernate: 
    insert 
    into
        hotel_images
        (file_name, hotel_id, image_url) 
    values
        (?, ?, ?)
Hibernate: 
    insert 
    into
        hotel_images
        (file_name, hotel_id, image_url) 
    values
        (?, ?, ?)
Hibernate: 
    select
        hi1_0.id,
        hi1_0.file_name,
        hi1_0.hotel_id,
        hi1_0.image_url 
    from
        hotel_images hi1_0 
    join
        hotels h1_0 
            on h1_0.id=hi1_0.hotel_id 
    where
        h1_0.id=?
Hibernate: 
    insert 
    into
        hotel_images
        (file_name, hotel_id, image_url) 
    values
        (?, ?, ?)
Hibernate: 
    insert 
    into
        hotel_images
        (file_name, hotel_id, image_url) 
    values
        (?, ?, ?)
Hibernate: 
    insert 
    into
        hotel_images
        (file_name, hotel_id, image_url) 
    values
        (?, ?, ?)
Hibernate: 
    select
        hi1_0.id,
        hi1_0.file_name,
        hi1_0.hotel_id,
        hi1_0.image_url 
    from
        hotel_images hi1_0 
    join
        hotels h1_0 
            on h1_0.id=hi1_0.hotel_id 
    where
        h1_0.id=?
Hibernate: 
    insert 
    into
        hotel_images
        (file_name, hotel_id, image_url) 
    values
        (?, ?, ?)
Hibernate: 
    select
        hi1_0.id,
        hi1_0.file_name,
        hi1_0.hotel_id,
        hi1_0.image_url 
    from
        hotel_images hi1_0 
    join
        hotels h1_0 
            on h1_0.id=hi1_0.hotel_id 
    where
        h1_0.id=?
Hibernate: 
    insert 
    into
        hotel_images
        (file_name, hotel_id, image_url) 
    values
        (?, ?, ?)
Hibernate: 
    select
        hi1_0.id,
        hi1_0.file_name,
        hi1_0.hotel_id,
        hi1_0.image_url 
    from
        hotel_images hi1_0 
    join
        hotels h1_0 
            on h1_0.id=hi1_0.hotel_id 
    where
        h1_0.id=?
Hibernate: 
    insert 
    into
        hotel_images
        (file_name, hotel_id, image_url) 
    values
        (?, ?, ?)
Hibernate: 
    select
        hi1_0.id,
        hi1_0.file_name,
        hi1_0.hotel_id,
        hi1_0.image_url 
    from
        hotel_images hi1_0 
    join
        hotels h1_0 
            on h1_0.id=hi1_0.hotel_id 
    where
        h1_0.id=?
Hibernate: 
    insert 
    into
        hotel_images
        (file_name, hotel_id, image_url) 
    values
        (?, ?, ?)
Hibernate: 
    select
        hi1_0.id,
        hi1_0.file_name,
        hi1_0.hotel_id,
        hi1_0.image_url 
    from
        hotel_images hi1_0 
    join
        hotels h1_0 
            on h1_0.id=hi1_0.hotel_id 
    where
        h1_0.id=?
Hibernate: 
    insert 
    into
        hotel_images
        (file_name, hotel_id, image_url) 
    values
        (?, ?, ?)
Hibernate: 
    select
        hi1_0.id,
        hi1_0.file_name,
        hi1_0.hotel_id,
        hi1_0.image_url 
    from
        hotel_images hi1_0 
    join
        hotels h1_0 
            on h1_0.id=hi1_0.hotel_id 
    where
        h1_0.id=?
2026-05-06T02:55:17.511+03:00  INFO 21056 --- [           main] c.swer313.projectstep1.auth.DataSeeder   : ✅ Hotel demo images seeded/verified. Added 14 image(s).
Hibernate: 
    select
        count(*) 
    from
        room_types rt1_0
2026-05-06T02:55:17.520+03:00  INFO 21056 --- [           main] c.swer313.projectstep1.auth.DataSeeder   : ⏭  RoomTypes already exist — skipping.
Hibernate: 
    select
        rt1_0.id,
        rt1_0.base_price,
        rt1_0.bed_count,
        rt1_0.bed_type,
        rt1_0.capacity,
        rt1_0.description,
        rt1_0.hotel_id,
        rt1_0.max_adults,
        rt1_0.max_children,
        rt1_0.name,
        rt1_0.policies,
        rt1_0.status,
        rt1_0.total_units 
    from
        room_types rt1_0
Hibernate: 
    select
        count(*) 
    from
        pricing_rules pr1_0
2026-05-06T02:55:17.541+03:00  INFO 21056 --- [           main] c.swer313.projectstep1.auth.DataSeeder   : ⏭  PricingRules already exist — skipping.
Hibernate: 
    select
        count(*) 
    from
        bookings b1_0
2026-05-06T02:55:17.553+03:00  INFO 21056 --- [           main] c.swer313.projectstep1.auth.DataSeeder   : ⏭  Bookings already exist — skipping.
Hibernate: 
    select
        b1_0.id,
        b1_0.adults,
        b1_0.cancellation_reason,
        b1_0.cancelled_at,
        b1_0.check_in,
        b1_0.check_out,
        b1_0.children,
        b1_0.created_at,
        b1_0.guest_email,
        b1_0.guest_name,
        b1_0.guest_notes,
        b1_0.guest_phone,
        b1_0.price_per_night,
        b1_0.refund_amount,
        b1_0.room_type_id,
        b1_0.status,
        b1_0.total_guests,
        b1_0.total_price,
        b1_0.updated_at 
    from
        bookings b1_0
Hibernate: 
    select
        count(*) 
    from
        payments p1_0
2026-05-06T02:55:17.600+03:00  INFO 21056 --- [           main] c.swer313.projectstep1.auth.DataSeeder   : ⏭  Payments already exist — skipping.
Hibernate: 
    select
        p1_0.id,
        p1_0.amount,
        p1_0.booking_id,
        p1_0.created_at,
        p1_0.currency,
        p1_0.failure_reason,
        p1_0.method,
        p1_0.paid_at,
        p1_0.provider_name,
        p1_0.refund_reason,
        p1_0.refunded_at,
        p1_0.status,
        p1_0.transaction_reference,
        p1_0.updated_at 
    from
        payments p1_0
Hibernate: 
    select
        count(*) 
    from
        reviews r1_0
2026-05-06T02:55:17.621+03:00  INFO 21056 --- [           main] c.swer313.projectstep1.auth.DataSeeder   : ⏭  Reviews already exist — skipping.
Hibernate: 
    select
        count(*) 
    from
        waiting_list wle1_0
2026-05-06T02:55:17.631+03:00  INFO 21056 --- [           main] c.swer313.projectstep1.auth.DataSeeder   : ⏭  WaitingList already exist — skipping.
Hibernate: 
    select
        count(*) 
    from
        notifications n1_0
2026-05-06T02:55:17.637+03:00  INFO 21056 --- [           main] c.swer313.projectstep1.auth.DataSeeder   : ⏭  Notifications already exist — skipping.
2026-05-06T02:55:17.637+03:00  INFO 21056 --- [           main] c.swer313.projectstep1.auth.DataSeeder   : ╔══════════════════════════════════════════╗
2026-05-06T02:55:17.637+03:00  INFO 21056 --- [           main] c.swer313.projectstep1.auth.DataSeeder   : ║        PinkFlow Data Seeder DONE ✅       ║
2026-05-06T02:55:17.637+03:00  INFO 21056 --- [           main] c.swer313.projectstep1.auth.DataSeeder   : ╚══════════════════════════════════════════╝
Hibernate: 
    select
        count(*) 
    from
        exchange_rates er1_0
2026-05-06T02:55:17.651+03:00  INFO 21056 --- [           main] c.s.p.a.c.LoadExchangeRateDatabase       : Exchange rates already seeded — skipping.
Hibernate: 
    select
        u1_0.id 
    from
        users u1_0 
    where
        u1_0.email=? 
    limit
        ?
2026-05-06T02:55:17.697+03:00  INFO 21056 --- [           main] c.swer313.projectstep1.auth.DataSeeder   : Admin user already exists — skipping seed.
Hibernate: 
    select
        u1_0.id 
    from
        users u1_0 
    where
        u1_0.email=? 
    limit
        ?
2026-05-06T02:55:17.701+03:00  INFO 21056 --- [           main] c.swer313.projectstep1.auth.DataSeeder   : Manager user already exists — skipping seed.
